15:51:15.635 [main] INFO  testCases.TC001_AccountRegistrationTest - ***** Starting TC001_AccountRegistrationTest *****
15:51:15.677 [main] INFO  testCases.TC001_AccountRegistrationTest - Clicked on MyAccount Link
15:51:18.238 [main] INFO  testCases.TC001_AccountRegistrationTest - Clicked on Register Link
15:51:18.698 [main] INFO  testCases.TC001_AccountRegistrationTest - Providing customer details
15:51:19.186 [main] INFO  testCases.TC001_AccountRegistrationTest - Validating expected message
15:51:19.705 [main] INFO  testCases.TC001_AccountRegistrationTest - ***** Finished TC001_AccountRegistrationTest *****
15:51:21.406 [main] INFO  testCases.TC002_LoginTest - ***** Stating TC002_LoginTest ****
15:51:24.923 [main] INFO  testCases.TC002_LoginTest - ***** Finished TC002_LoginTest ****
15:53:36.073 [main] INFO  org.testng.internal.Utils - [TestNG] Running:
  C:\Workspace\seleniumwebdriver\OpenCartV121\Master.xml

15:59:12.849 [main] INFO  org.testng.internal.Utils - [TestNG] Running:
  C:\Workspace\seleniumwebdriver\OpenCartV121\Master.xml

15:59:15.745 [main] INFO  testCases.TC001_AccountRegistrationTest - ***** Starting TC001_AccountRegistrationTest *****
15:59:15.783 [main] INFO  testCases.TC001_AccountRegistrationTest - Clicked on MyAccount Link
15:59:21.039 [main] INFO  testCases.TC001_AccountRegistrationTest - Clicked on Register Link
15:59:21.470 [main] INFO  testCases.TC001_AccountRegistrationTest - Providing customer details
15:59:22.017 [main] INFO  testCases.TC001_AccountRegistrationTest - Validating expected message
15:59:22.556 [main] INFO  testCases.TC001_AccountRegistrationTest - ***** Finished TC001_AccountRegistrationTest *****
15:59:24.328 [main] INFO  testCases.TC002_LoginTest - ***** Stating TC002_LoginTest ****
15:59:28.144 [main] INFO  testCases.TC002_LoginTest - ***** Finished TC002_LoginTest ****
